<?xml version="1.0" encoding="UTF-8"?>
<testng-results skipped="0" failed="0" ignored="0" total="2" passed="2">
  <reporter-output>
  </reporter-output>
  <suite name="Suite" duration-ms="58" started-at="2020-08-08T11:55:52Z" finished-at="2020-08-08T11:55:52Z">
    <groups>
    </groups>
    <test name="Test" duration-ms="58" started-at="2020-08-08T11:55:52Z" finished-at="2020-08-08T11:55:52Z">
      <class name="TestZenLabs.TestNgAnnotation.TestNgAnnotations">
        <test-method status="PASS" signature="beforeSuite()[pri:0, instance:TestZenLabs.TestNgAnnotation.TestNgAnnotations@43301423]" name="beforeSuite" is-config="true" duration-ms="43" started-at="2020-08-08T11:55:52Z" finished-at="2020-08-08T11:55:52Z">
          <reporter-output>
          </reporter-output>
        </test-method> <!-- beforeSuite -->
        <test-method status="PASS" signature="beforeclass()[pri:0, instance:TestZenLabs.TestNgAnnotation.TestNgAnnotations@43301423]" name="beforeclass" is-config="true" duration-ms="0" started-at="2020-08-08T11:55:52Z" finished-at="2020-08-08T11:55:52Z">
          <reporter-output>
          </reporter-output>
        </test-method> <!-- beforeclass -->
        <test-method status="PASS" signature="beforemetho()[pri:0, instance:TestZenLabs.TestNgAnnotation.TestNgAnnotations@43301423]" name="beforemetho" is-config="true" duration-ms="0" started-at="2020-08-08T11:55:52Z" finished-at="2020-08-08T11:55:52Z">
          <reporter-output>
          </reporter-output>
        </test-method> <!-- beforemetho -->
        <test-method status="PASS" signature="fun1()[pri:0, instance:TestZenLabs.TestNgAnnotation.TestNgAnnotations@43301423]" name="fun1" duration-ms="7" started-at="2020-08-08T11:55:52Z" finished-at="2020-08-08T11:55:52Z">
          <reporter-output>
          </reporter-output>
        </test-method> <!-- fun1 -->
        <test-method status="PASS" signature="afterMethod()[pri:0, instance:TestZenLabs.TestNgAnnotation.TestNgAnnotations@43301423]" name="afterMethod" is-config="true" duration-ms="4" started-at="2020-08-08T11:55:52Z" finished-at="2020-08-08T11:55:52Z">
          <reporter-output>
          </reporter-output>
        </test-method> <!-- afterMethod -->
        <test-method status="PASS" signature="beforemetho()[pri:0, instance:TestZenLabs.TestNgAnnotation.TestNgAnnotations@43301423]" name="beforemetho" is-config="true" duration-ms="1" started-at="2020-08-08T11:55:52Z" finished-at="2020-08-08T11:55:52Z">
          <reporter-output>
          </reporter-output>
        </test-method> <!-- beforemetho -->
        <test-method status="PASS" signature="fun2()[pri:0, instance:TestZenLabs.TestNgAnnotation.TestNgAnnotations@43301423]" name="fun2" duration-ms="2" started-at="2020-08-08T11:55:52Z" finished-at="2020-08-08T11:55:52Z">
          <reporter-output>
          </reporter-output>
        </test-method> <!-- fun2 -->
        <test-method status="PASS" signature="afterMethod()[pri:0, instance:TestZenLabs.TestNgAnnotation.TestNgAnnotations@43301423]" name="afterMethod" is-config="true" duration-ms="1" started-at="2020-08-08T11:55:52Z" finished-at="2020-08-08T11:55:52Z">
          <reporter-output>
          </reporter-output>
        </test-method> <!-- afterMethod -->
        <test-method status="PASS" signature="afterclass()[pri:0, instance:TestZenLabs.TestNgAnnotation.TestNgAnnotations@43301423]" name="afterclass" is-config="true" duration-ms="0" started-at="2020-08-08T11:55:52Z" finished-at="2020-08-08T11:55:52Z">
          <reporter-output>
          </reporter-output>
        </test-method> <!-- afterclass -->
        <test-method status="PASS" signature="aftersuite()[pri:0, instance:TestZenLabs.TestNgAnnotation.TestNgAnnotations@43301423]" name="aftersuite" is-config="true" duration-ms="1" started-at="2020-08-08T11:55:52Z" finished-at="2020-08-08T11:55:52Z">
          <reporter-output>
          </reporter-output>
        </test-method> <!-- aftersuite -->
      </class> <!-- TestZenLabs.TestNgAnnotation.TestNgAnnotations -->
    </test> <!-- Test -->
  </suite> <!-- Suite -->
</testng-results>
