<?xml version="1.0" encoding="UTF-8"?>
<!-- Generated by org.testng.reporters.JUnitXMLReporter -->
<testsuite hostname="LAPTOP-EEPQSSKV" ignored="1" name="Test" tests="1" failures="1" timestamp="2020-08-08T15:14:24 BST" time="23.217" errors="0">
  <testcase name="@AfterMethod teardown" time="0.0" classname="TestZebLab.TestNgGroupingTest.TestGroupingTest">
    <failure type="java.lang.NullPointerException">
      <![CDATA[java.lang.NullPointerException
at TestZebLab.TestNgGroupingTest.TestGroupingTest.teardown(TestGroupingTest.java:64)
at java.util.ArrayList.forEach(Unknown Source)
... Removed 32 stack frames]]>
    </failure>
  </testcase> <!-- @AfterMethod teardown -->
  <testcase name="fun2" time="0.008" classname="TestZebLab.TestNgGroupingTest.TestGroupingTest">
    <failure type="java.lang.NullPointerException">
      <![CDATA[java.lang.NullPointerException
at TestZebLab.TestNgGroupingTest.TestGroupingTest.fun2(TestGroupingTest.java:49)
at java.util.ArrayList.forEach(Unknown Source)
... Removed 27 stack frames]]>
    </failure>
  </testcase> <!-- fun2 -->
  <testcase name="fun1" time="0.0" classname="TestZebLab.TestNgGroupingTest.TestGroupingTest">
    <ignored/>
  </testcase> <!-- fun1 -->
</testsuite> <!-- Test -->
