<?xml version="1.0" encoding="UTF-8"?>
<!-- Generated by org.testng.reporters.JUnitXMLReporter -->
<testsuite hostname="LAPTOP-EEPQSSKV" ignored="0" name="Test" tests="1" failures="1" timestamp="08 Aug 2020 13:32:33 GMT" time="10.996" errors="0">
  <testcase name="@AfterMethod tearDown" time="0.0" classname="TestZenLabs.TestNgDependency.TestNgdependentTest">
    <failure type="java.lang.NullPointerException">
      <![CDATA[java.lang.NullPointerException
at TestZenLabs.TestNgDependency.TestNgdependentTest.tearDown(TestNgdependentTest.java:66)
... Removed 28 stack frames]]>
    </failure>
  </testcase> <!-- @AfterMethod tearDown -->
  <testcase name="fun3" time="0.024" classname="TestZenLabs.TestNgDependency.TestNgdependentTest">
    <failure type="java.lang.NullPointerException">
      <![CDATA[java.lang.NullPointerException
at staticPages.Page1.email(Page1.java:13)
at TestZenLabs.TestNgDependency.TestNgdependentTest.fun3(TestNgdependentTest.java:54)
... Removed 25 stack frames]]>
    </failure>
  </testcase> <!-- fun3 -->
</testsuite> <!-- Test -->
