<?xml version="1.0" encoding="UTF-8"?>
<!-- Generated by org.testng.reporters.JUnitXMLReporter -->
<testsuite hostname="LAPTOP-EEPQSSKV" ignored="0" name="Test" tests="1" failures="1" timestamp="2020-08-08T16:01:52 BST" time="35.782" errors="0">
  <testcase name="@AfterMethod teardown" time="0.0" classname="TestZebLab.TestNgParameters.TestNgParameters">
    <failure type="java.lang.NullPointerException">
      <![CDATA[java.lang.NullPointerException
at TestZebLab.TestNgParameters.TestNgParameters.teardown(TestNgParameters.java:54)
at java.util.ArrayList.forEach(Unknown Source)
... Removed 32 stack frames]]>
    </failure>
  </testcase> <!-- @AfterMethod teardown -->
  <testcase name="fun1" time="0.024" classname="TestZebLab.TestNgParameters.TestNgParameters">
    <failure type="java.lang.NullPointerException">
      <![CDATA[java.lang.NullPointerException
at StaticPages.page1.email(page1.java:14)
at TestZebLab.TestNgParameters.TestNgParameters.fun1(TestNgParameters.java:38)
at java.util.ArrayList.forEach(Unknown Source)
... Removed 27 stack frames]]>
    </failure>
  </testcase> <!-- fun1 -->
</testsuite> <!-- Test -->
